<?xml version="1.0" encoding="UTF-8"?>
<testng-results ignored="0" total="1" passed="1" failed="0" skipped="0">
  <reporter-output>
  </reporter-output>
  <suite started-at="2021-02-27T22:22:35 IST" name="Default suite" finished-at="2021-02-27T22:22:38 IST" duration-ms="2691">
    <groups>
    </groups>
    <test started-at="2021-02-27T22:22:35 IST" name="Default test" finished-at="2021-02-27T22:22:38 IST" duration-ms="2691">
      <class name="com.postmethods.PostRequest">
        <test-method signature="postrequest()[pri:0, instance:com.postmethods.PostRequest@355ce81c]" started-at="2021-02-27T22:22:35 IST" name="postrequest" finished-at="2021-02-27T22:22:38 IST" duration-ms="2656" status="PASS">
          <reporter-output>
          </reporter-output>
        </test-method> <!-- postrequest -->
      </class> <!-- com.postmethods.PostRequest -->
    </test> <!-- Default test -->
  </suite> <!-- Default suite -->
</testng-results>
